2012/12/30 21:19:37 [error] [exception.CDbException] exception 'CDbException' with message 'CDbConnection failed to open the DB connection: could not find driver' in /opt/lampp/htdocs/myfinance/framework/db/CDbConnection.php:382
Stack trace:
#0 /opt/lampp/htdocs/myfinance/framework/db/CDbConnection.php(331): CDbConnection->open()
#1 /opt/lampp/htdocs/myfinance/framework/db/CDbConnection.php(309): CDbConnection->setActive(true)
#2 /opt/lampp/htdocs/myfinance/framework/base/CModule.php(388): CDbConnection->init()
#3 /opt/lampp/htdocs/myfinance/framework/cli/commands/MigrateCommand.php(443): CModule->getComponent('db')
#4 /opt/lampp/htdocs/myfinance/framework/cli/commands/MigrateCommand.php(452): MigrateCommand->getDbConnection()
#5 /opt/lampp/htdocs/myfinance/framework/cli/commands/MigrateCommand.php(483): MigrateCommand->getMigrationHistory(-1)
#6 /opt/lampp/htdocs/myfinance/framework/cli/commands/MigrateCommand.php(85): MigrateCommand->getNewMigrations()
#7 [internal function]: MigrateCommand->actionUp(Array)
#8 /opt/lampp/htdocs/myfinance/framework/console/CConsoleCommand.php(173): ReflectionMethod->invokeArgs(Object(MigrateCommand), Array)
#9 /opt/lampp/htdocs/myfinance/framework/console/CConsoleCommandRunner.php(68): CConsoleCommand->run(Array)
#10 /opt/lampp/htdocs/myfinance/framework/console/CConsoleApplication.php(92): CConsoleCommandRunner->run(Array)
#11 /opt/lampp/htdocs/myfinance/framework/base/CApplication.php(162): CConsoleApplication->processRequest()
#12 /opt/lampp/htdocs/myfinance/framework/yiic.php(34): CApplication->run()
#13 /opt/lampp/htdocs/mymoney/protected/yiic.php(7): require_once('/opt/lampp/htdo...')
#14 /opt/lampp/htdocs/mymoney/protected/yiic(4): require_once('/opt/lampp/htdo...')
#15 {main}
---
2012/12/30 21:20:21 [error] [exception.CDbException] exception 'CDbException' with message 'CDbConnection failed to open the DB connection: could not find driver' in /opt/lampp/htdocs/myfinance/framework/db/CDbConnection.php:382
Stack trace:
#0 /opt/lampp/htdocs/myfinance/framework/db/CDbConnection.php(331): CDbConnection->open()
#1 /opt/lampp/htdocs/myfinance/framework/db/CDbConnection.php(309): CDbConnection->setActive(true)
#2 /opt/lampp/htdocs/myfinance/framework/base/CModule.php(388): CDbConnection->init()
#3 /opt/lampp/htdocs/myfinance/framework/cli/commands/MigrateCommand.php(443): CModule->getComponent('db')
#4 /opt/lampp/htdocs/myfinance/framework/cli/commands/MigrateCommand.php(452): MigrateCommand->getDbConnection()
#5 /opt/lampp/htdocs/myfinance/framework/cli/commands/MigrateCommand.php(483): MigrateCommand->getMigrationHistory(-1)
#6 /opt/lampp/htdocs/myfinance/framework/cli/commands/MigrateCommand.php(85): MigrateCommand->getNewMigrations()
#7 [internal function]: MigrateCommand->actionUp(Array)
#8 /opt/lampp/htdocs/myfinance/framework/console/CConsoleCommand.php(173): ReflectionMethod->invokeArgs(Object(MigrateCommand), Array)
#9 /opt/lampp/htdocs/myfinance/framework/console/CConsoleCommandRunner.php(68): CConsoleCommand->run(Array)
#10 /opt/lampp/htdocs/myfinance/framework/console/CConsoleApplication.php(92): CConsoleCommandRunner->run(Array)
#11 /opt/lampp/htdocs/myfinance/framework/base/CApplication.php(162): CConsoleApplication->processRequest()
#12 /opt/lampp/htdocs/myfinance/framework/yiic.php(34): CApplication->run()
#13 /opt/lampp/htdocs/mymoney/protected/yiic.php(7): require_once('/opt/lampp/htdo...')
#14 /opt/lampp/htdocs/mymoney/protected/yiic(4): require_once('/opt/lampp/htdo...')
#15 {main}
---
2012/12/30 21:35:00 [error] [exception.CDbException] exception 'CDbException' with message 'CDbConnection failed to open the DB connection: could not find driver' in /opt/lampp/htdocs/myfinance/framework/db/CDbConnection.php:382
Stack trace:
#0 /opt/lampp/htdocs/myfinance/framework/db/CDbConnection.php(331): CDbConnection->open()
#1 /opt/lampp/htdocs/myfinance/framework/db/CDbConnection.php(309): CDbConnection->setActive(true)
#2 /opt/lampp/htdocs/myfinance/framework/base/CModule.php(388): CDbConnection->init()
#3 /opt/lampp/htdocs/myfinance/framework/cli/commands/MigrateCommand.php(443): CModule->getComponent('db')
#4 /opt/lampp/htdocs/myfinance/framework/cli/commands/MigrateCommand.php(452): MigrateCommand->getDbConnection()
#5 /opt/lampp/htdocs/myfinance/framework/cli/commands/MigrateCommand.php(483): MigrateCommand->getMigrationHistory(-1)
#6 /opt/lampp/htdocs/myfinance/framework/cli/commands/MigrateCommand.php(85): MigrateCommand->getNewMigrations()
#7 [internal function]: MigrateCommand->actionUp(Array)
#8 /opt/lampp/htdocs/myfinance/framework/console/CConsoleCommand.php(173): ReflectionMethod->invokeArgs(Object(MigrateCommand), Array)
#9 /opt/lampp/htdocs/myfinance/framework/console/CConsoleCommandRunner.php(68): CConsoleCommand->run(Array)
#10 /opt/lampp/htdocs/myfinance/framework/console/CConsoleApplication.php(92): CConsoleCommandRunner->run(Array)
#11 /opt/lampp/htdocs/myfinance/framework/base/CApplication.php(162): CConsoleApplication->processRequest()
#12 /opt/lampp/htdocs/myfinance/framework/yiic.php(34): CApplication->run()
#13 /opt/lampp/htdocs/mymoney/protected/yiic.php(7): require_once('/opt/lampp/htdo...')
#14 /opt/lampp/htdocs/mymoney/protected/yiic(4): require_once('/opt/lampp/htdo...')
#15 {main}
---
